<html>
<head>
<title>TestNG:  Test</title>
<link href="../testng.css" rel="stylesheet" type="text/css" />
<link href="../my-testng.css" rel="stylesheet" type="text/css" />

<style type="text/css">
.log { display: none;} 
.stack-trace { display: none;} 
</style>
<script type="text/javascript">
<!--
function flip(e) {
  current = e.style.display;
  if (current == 'block') {
    e.style.display = 'none';
    return 0;
  }
  else {
    e.style.display = 'block';
    return 1;
  }
}

function toggleBox(szDivId, elem, msg1, msg2)
{
  var res = -1;  if (document.getElementById) {
    res = flip(document.getElementById(szDivId));
  }
  else if (document.all) {
    // this is the way old msie versions work
    res = flip(document.all[szDivId]);
  }
  if(elem) {
    if(res == 0) elem.innerHTML = msg1; else elem.innerHTML = msg2;
  }

}

function toggleAllBoxes() {
  if (document.getElementsByTagName) {
    d = document.getElementsByTagName('div');
    for (i = 0; i < d.length; i++) {
      if (d[i].className == 'log') {
        flip(d[i]);
      }
    }
  }
}

// -->
</script>

</head>
<body>
<h2 align='center'>Test</h2><table border='1' align="center">
<tr>
<td>Tests passed/Failed/Skipped:</td><td>16/2/0</td>
</tr><tr>
<td>Started on:</td><td>Sun Nov 11 19:27:54 IST 2018</td>
</tr>
<tr><td>Total time:</td><td>246 seconds (246565 ms)</td>
</tr><tr>
<td>Included groups:</td><td></td>
</tr><tr>
<td>Excluded groups:</td><td></td>
</tr>
</table><p/>
<small><i>(Hover the method name to see the test class name)</i></small><p/>
<table width='100%' border='1' class='invocation-failed'>
<tr><td colspan='4' align='center'><b>FAILED TESTS</b></td></tr>
<tr><td><b>Test method</b></td>
<td width="30%"><b>Exception</b></td>
<td width="10%"><b>Time (seconds)</b></td>
<td><b>Instance</b></td>
</tr>
<tr>
<td title='MultiClassesReport.Multiplereports.HomePage.Open_Latest_Section_First_Story_from_Image()'><b>Open_Latest_Section_First_Story_from_Image</b><br>Test class: MultiClassesReport.Multiplereports.HomePage</td>
<td><div><pre>org.openqa.selenium.WebDriverException: unknown error: Element &lt;a _ngcontent-c1=&quot;&quot; href=&quot;//www.wittyfeed.tv/people-deepika-padukone-ranveer-singh-dated-before-marriage-70790?utm_source=homepage_latest&quot;&gt;...&lt;/a&gt; is not clickable at point (335, 189). Other element would receive the click: &lt;div id=&quot;onesignal-popover-container&quot; class=&quot;onesignal-popover-container onesignal-reset slide-down&quot;&gt;...&lt;/div&gt;
  (Session info: chrome=70.0.3538.102)
  (Driver info: chromedriver=2.43.600210 (68dcf5eebde37173d4027fa8635e332711d2874a),platform=Windows NT 10.0.17134 x86_64) (WARNING: The server did not provide any stacktrace information)
Command duration or timeout: 0 milliseconds
Build info: version: &apos;3.11.0&apos;, revision: &apos;e59cfb3&apos;, time: &apos;2018-03-11T20:33:15.31Z&apos;
System info: host: &apos;DESKTOP-KODMJHE&apos;, ip: &apos;192.168.0.44&apos;, os.name: &apos;Windows 10&apos;, os.arch: &apos;amd64&apos;, os.version: &apos;10.0&apos;, java.version: &apos;1.8.0_144&apos;
Driver info: org.openqa.selenium.chrome.ChromeDriver
Capabilities {acceptInsecureCerts: false, acceptSslCerts: false, applicationCacheEnabled: false, browserConnectionEnabled: false, browserName: chrome, chrome: {chromedriverVersion: 2.43.600210 (68dcf5eebde371..., userDataDir: C:\Users\Vtsana\AppData\Loc...}, cssSelectorsEnabled: true, databaseEnabled: false, goog:chromeOptions: {debuggerAddress: localhost:51122}, handlesAlerts: true, hasTouchScreen: false, javascriptEnabled: true, locationContextEnabled: true, mobileEmulationEnabled: false, nativeEvents: true, networkConnectionEnabled: false, pageLoadStrategy: normal, platform: XP, platformName: XP, rotatable: false, setWindowRect: true, takesHeapSnapshot: true, takesScreenshot: true, unexpectedAlertBehaviour: , unhandledPromptBehavior: , version: 70.0.3538.102, webStorageEnabled: true}
Session ID: b973816b82a499b580504ee31cafdbb9
	at org.openqa.selenium.remote.ErrorHandler.createThrowable(ErrorHandler.java:214)
	at org.openqa.selenium.remote.ErrorHandler.throwIfResponseFailed(ErrorHandler.java:166)
	at org.openqa.selenium.remote.http.JsonHttpResponseCodec.reconstructValue(JsonHttpResponseCodec.java:40)
	at org.openqa.selenium.remote.http.AbstractHttpResponseCodec.decode(AbstractHttpResponseCodec.java:80)
	at org.openqa.selenium.remote.http.AbstractHttpResponseCodec.decode(AbstractHttpResponseCodec.java:44)
	at org.openqa.selenium.remote.HttpCommandExecutor.execute(HttpCommandExecutor.java:158)
	at org.openqa.selenium.remote.service.DriverCommandExecutor.execute(DriverCommandExecutor.java:83)
	at org.openqa.selenium.remote.RemoteWebDriver.execute(RemoteWebDriver.java:545)
	at org.openqa.selenium.remote.RemoteWebElement.execute(RemoteWebElement.java:279)
	at org.openqa.selenium.remote.RemoteWebElement.click(RemoteWebElement.java:83)
	at MultiClassesReport.Multiplereports.HomePage.Open_Latest_Section_First_Story_from_Image(HomePage.java:167)
... Removed 29 stack frames</pre></div><a href='#' onClick='toggleBox("stack-trace2099802038", this, "Click to show all stack frames", "Click to hide stack frames")'>Click to show all stack frames</a>
<div class='stack-trace' id='stack-trace2099802038'><pre>org.openqa.selenium.WebDriverException: unknown error: Element &lt;a _ngcontent-c1=&quot;&quot; href=&quot;//www.wittyfeed.tv/people-deepika-padukone-ranveer-singh-dated-before-marriage-70790?utm_source=homepage_latest&quot;&gt;...&lt;/a&gt; is not clickable at point (335, 189). Other element would receive the click: &lt;div id=&quot;onesignal-popover-container&quot; class=&quot;onesignal-popover-container onesignal-reset slide-down&quot;&gt;...&lt;/div&gt;
  (Session info: chrome=70.0.3538.102)
  (Driver info: chromedriver=2.43.600210 (68dcf5eebde37173d4027fa8635e332711d2874a),platform=Windows NT 10.0.17134 x86_64) (WARNING: The server did not provide any stacktrace information)
Command duration or timeout: 0 milliseconds
Build info: version: &apos;3.11.0&apos;, revision: &apos;e59cfb3&apos;, time: &apos;2018-03-11T20:33:15.31Z&apos;
System info: host: &apos;DESKTOP-KODMJHE&apos;, ip: &apos;192.168.0.44&apos;, os.name: &apos;Windows 10&apos;, os.arch: &apos;amd64&apos;, os.version: &apos;10.0&apos;, java.version: &apos;1.8.0_144&apos;
Driver info: org.openqa.selenium.chrome.ChromeDriver
Capabilities {acceptInsecureCerts: false, acceptSslCerts: false, applicationCacheEnabled: false, browserConnectionEnabled: false, browserName: chrome, chrome: {chromedriverVersion: 2.43.600210 (68dcf5eebde371..., userDataDir: C:\Users\Vtsana\AppData\Loc...}, cssSelectorsEnabled: true, databaseEnabled: false, goog:chromeOptions: {debuggerAddress: localhost:51122}, handlesAlerts: true, hasTouchScreen: false, javascriptEnabled: true, locationContextEnabled: true, mobileEmulationEnabled: false, nativeEvents: true, networkConnectionEnabled: false, pageLoadStrategy: normal, platform: XP, platformName: XP, rotatable: false, setWindowRect: true, takesHeapSnapshot: true, takesScreenshot: true, unexpectedAlertBehaviour: , unhandledPromptBehavior: , version: 70.0.3538.102, webStorageEnabled: true}
Session ID: b973816b82a499b580504ee31cafdbb9
	at sun.reflect.NativeConstructorAccessorImpl.newInstance0(Native Method)
	at sun.reflect.NativeConstructorAccessorImpl.newInstance(NativeConstructorAccessorImpl.java:62)
	at sun.reflect.DelegatingConstructorAccessorImpl.newInstance(DelegatingConstructorAccessorImpl.java:45)
	at java.lang.reflect.Constructor.newInstance(Constructor.java:423)
	at org.openqa.selenium.remote.ErrorHandler.createThrowable(ErrorHandler.java:214)
	at org.openqa.selenium.remote.ErrorHandler.throwIfResponseFailed(ErrorHandler.java:166)
	at org.openqa.selenium.remote.http.JsonHttpResponseCodec.reconstructValue(JsonHttpResponseCodec.java:40)
	at org.openqa.selenium.remote.http.AbstractHttpResponseCodec.decode(AbstractHttpResponseCodec.java:80)
	at org.openqa.selenium.remote.http.AbstractHttpResponseCodec.decode(AbstractHttpResponseCodec.java:44)
	at org.openqa.selenium.remote.HttpCommandExecutor.execute(HttpCommandExecutor.java:158)
	at org.openqa.selenium.remote.service.DriverCommandExecutor.execute(DriverCommandExecutor.java:83)
	at org.openqa.selenium.remote.RemoteWebDriver.execute(RemoteWebDriver.java:545)
	at org.openqa.selenium.remote.RemoteWebElement.execute(RemoteWebElement.java:279)
	at org.openqa.selenium.remote.RemoteWebElement.click(RemoteWebElement.java:83)
	at MultiClassesReport.Multiplereports.HomePage.Open_Latest_Section_First_Story_from_Image(HomePage.java:167)
	at sun.reflect.NativeMethodAccessorImpl.invoke0(Native Method)
	at sun.reflect.NativeMethodAccessorImpl.invoke(NativeMethodAccessorImpl.java:62)
	at sun.reflect.DelegatingMethodAccessorImpl.invoke(DelegatingMethodAccessorImpl.java:43)
	at java.lang.reflect.Method.invoke(Method.java:498)
	at org.testng.internal.MethodInvocationHelper.invokeMethod(MethodInvocationHelper.java:124)
	at org.testng.internal.Invoker.invokeMethod(Invoker.java:580)
	at org.testng.internal.Invoker.invokeTestMethod(Invoker.java:716)
	at org.testng.internal.Invoker.invokeTestMethods(Invoker.java:988)
	at org.testng.internal.TestMethodWorker.invokeTestMethods(TestMethodWorker.java:125)
	at org.testng.internal.TestMethodWorker.run(TestMethodWorker.java:109)
	at org.testng.TestRunner.privateRun(TestRunner.java:648)
	at org.testng.TestRunner.run(TestRunner.java:505)
	at org.testng.SuiteRunner.runTest(SuiteRunner.java:455)
	at org.testng.SuiteRunner.runSequentially(SuiteRunner.java:450)
	at org.testng.SuiteRunner.privateRun(SuiteRunner.java:415)
	at org.testng.SuiteRunner.run(SuiteRunner.java:364)
	at org.testng.SuiteRunnerWorker.runSuite(SuiteRunnerWorker.java:52)
	at org.testng.SuiteRunnerWorker.run(SuiteRunnerWorker.java:84)
	at org.testng.TestNG.runSuitesSequentially(TestNG.java:1208)
	at org.testng.TestNG.runSuitesLocally(TestNG.java:1137)
	at org.testng.TestNG.runSuites(TestNG.java:1049)
	at org.testng.TestNG.run(TestNG.java:1017)
	at org.testng.remote.AbstractRemoteTestNG.run(AbstractRemoteTestNG.java:114)
	at org.testng.remote.RemoteTestNG.initAndRun(RemoteTestNG.java:251)
	at org.testng.remote.RemoteTestNG.main(RemoteTestNG.java:77)
</pre></div></td>
<td>0</td>
<td>MultiClassesReport.Multiplereports.HomePage@1f021e6c</td></tr>
<tr>
<td title='MultiClassesReport.Multiplereports.HomePage.Open_Second_Promoted_Story_from_Image()'><b>Open_Second_Promoted_Story_from_Image</b><br>Test class: MultiClassesReport.Multiplereports.HomePage</td>
<td><div><pre>org.openqa.selenium.WebDriverException: unknown error: Element &lt;a _ngcontent-c1=&quot;&quot; href=&quot;//www.wittyfeed.tv/jaw-dropping-bollywood-gossips-71339?utm_source=homepage_promo&quot;&gt;...&lt;/a&gt; is not clickable at point (1061, 151). Other element would receive the click: &lt;div id=&quot;onesignal-popover-container&quot; class=&quot;onesignal-popover-container onesignal-reset slide-down&quot;&gt;...&lt;/div&gt;
  (Session info: chrome=70.0.3538.102)
  (Driver info: chromedriver=2.43.600210 (68dcf5eebde37173d4027fa8635e332711d2874a),platform=Windows NT 10.0.17134 x86_64) (WARNING: The server did not provide any stacktrace information)
Command duration or timeout: 0 milliseconds
Build info: version: &apos;3.11.0&apos;, revision: &apos;e59cfb3&apos;, time: &apos;2018-03-11T20:33:15.31Z&apos;
System info: host: &apos;DESKTOP-KODMJHE&apos;, ip: &apos;192.168.0.44&apos;, os.name: &apos;Windows 10&apos;, os.arch: &apos;amd64&apos;, os.version: &apos;10.0&apos;, java.version: &apos;1.8.0_144&apos;
Driver info: org.openqa.selenium.chrome.ChromeDriver
Capabilities {acceptInsecureCerts: false, acceptSslCerts: false, applicationCacheEnabled: false, browserConnectionEnabled: false, browserName: chrome, chrome: {chromedriverVersion: 2.43.600210 (68dcf5eebde371..., userDataDir: C:\Users\Vtsana\AppData\Loc...}, cssSelectorsEnabled: true, databaseEnabled: false, goog:chromeOptions: {debuggerAddress: localhost:51122}, handlesAlerts: true, hasTouchScreen: false, javascriptEnabled: true, locationContextEnabled: true, mobileEmulationEnabled: false, nativeEvents: true, networkConnectionEnabled: false, pageLoadStrategy: normal, platform: XP, platformName: XP, rotatable: false, setWindowRect: true, takesHeapSnapshot: true, takesScreenshot: true, unexpectedAlertBehaviour: , unhandledPromptBehavior: , version: 70.0.3538.102, webStorageEnabled: true}
Session ID: b973816b82a499b580504ee31cafdbb9
	at org.openqa.selenium.remote.ErrorHandler.createThrowable(ErrorHandler.java:214)
	at org.openqa.selenium.remote.ErrorHandler.throwIfResponseFailed(ErrorHandler.java:166)
	at org.openqa.selenium.remote.http.JsonHttpResponseCodec.reconstructValue(JsonHttpResponseCodec.java:40)
	at org.openqa.selenium.remote.http.AbstractHttpResponseCodec.decode(AbstractHttpResponseCodec.java:80)
	at org.openqa.selenium.remote.http.AbstractHttpResponseCodec.decode(AbstractHttpResponseCodec.java:44)
	at org.openqa.selenium.remote.HttpCommandExecutor.execute(HttpCommandExecutor.java:158)
	at org.openqa.selenium.remote.service.DriverCommandExecutor.execute(DriverCommandExecutor.java:83)
	at org.openqa.selenium.remote.RemoteWebDriver.execute(RemoteWebDriver.java:545)
	at org.openqa.selenium.remote.RemoteWebElement.execute(RemoteWebElement.java:279)
	at org.openqa.selenium.remote.RemoteWebElement.click(RemoteWebElement.java:83)
	at MultiClassesReport.Multiplereports.HomePage.Open_Second_Promoted_Story_from_Image(HomePage.java:87)
... Removed 29 stack frames</pre></div><a href='#' onClick='toggleBox("stack-trace1976752685", this, "Click to show all stack frames", "Click to hide stack frames")'>Click to show all stack frames</a>
<div class='stack-trace' id='stack-trace1976752685'><pre>org.openqa.selenium.WebDriverException: unknown error: Element &lt;a _ngcontent-c1=&quot;&quot; href=&quot;//www.wittyfeed.tv/jaw-dropping-bollywood-gossips-71339?utm_source=homepage_promo&quot;&gt;...&lt;/a&gt; is not clickable at point (1061, 151). Other element would receive the click: &lt;div id=&quot;onesignal-popover-container&quot; class=&quot;onesignal-popover-container onesignal-reset slide-down&quot;&gt;...&lt;/div&gt;
  (Session info: chrome=70.0.3538.102)
  (Driver info: chromedriver=2.43.600210 (68dcf5eebde37173d4027fa8635e332711d2874a),platform=Windows NT 10.0.17134 x86_64) (WARNING: The server did not provide any stacktrace information)
Command duration or timeout: 0 milliseconds
Build info: version: &apos;3.11.0&apos;, revision: &apos;e59cfb3&apos;, time: &apos;2018-03-11T20:33:15.31Z&apos;
System info: host: &apos;DESKTOP-KODMJHE&apos;, ip: &apos;192.168.0.44&apos;, os.name: &apos;Windows 10&apos;, os.arch: &apos;amd64&apos;, os.version: &apos;10.0&apos;, java.version: &apos;1.8.0_144&apos;
Driver info: org.openqa.selenium.chrome.ChromeDriver
Capabilities {acceptInsecureCerts: false, acceptSslCerts: false, applicationCacheEnabled: false, browserConnectionEnabled: false, browserName: chrome, chrome: {chromedriverVersion: 2.43.600210 (68dcf5eebde371..., userDataDir: C:\Users\Vtsana\AppData\Loc...}, cssSelectorsEnabled: true, databaseEnabled: false, goog:chromeOptions: {debuggerAddress: localhost:51122}, handlesAlerts: true, hasTouchScreen: false, javascriptEnabled: true, locationContextEnabled: true, mobileEmulationEnabled: false, nativeEvents: true, networkConnectionEnabled: false, pageLoadStrategy: normal, platform: XP, platformName: XP, rotatable: false, setWindowRect: true, takesHeapSnapshot: true, takesScreenshot: true, unexpectedAlertBehaviour: , unhandledPromptBehavior: , version: 70.0.3538.102, webStorageEnabled: true}
Session ID: b973816b82a499b580504ee31cafdbb9
	at sun.reflect.NativeConstructorAccessorImpl.newInstance0(Native Method)
	at sun.reflect.NativeConstructorAccessorImpl.newInstance(NativeConstructorAccessorImpl.java:62)
	at sun.reflect.DelegatingConstructorAccessorImpl.newInstance(DelegatingConstructorAccessorImpl.java:45)
	at java.lang.reflect.Constructor.newInstance(Constructor.java:423)
	at org.openqa.selenium.remote.ErrorHandler.createThrowable(ErrorHandler.java:214)
	at org.openqa.selenium.remote.ErrorHandler.throwIfResponseFailed(ErrorHandler.java:166)
	at org.openqa.selenium.remote.http.JsonHttpResponseCodec.reconstructValue(JsonHttpResponseCodec.java:40)
	at org.openqa.selenium.remote.http.AbstractHttpResponseCodec.decode(AbstractHttpResponseCodec.java:80)
	at org.openqa.selenium.remote.http.AbstractHttpResponseCodec.decode(AbstractHttpResponseCodec.java:44)
	at org.openqa.selenium.remote.HttpCommandExecutor.execute(HttpCommandExecutor.java:158)
	at org.openqa.selenium.remote.service.DriverCommandExecutor.execute(DriverCommandExecutor.java:83)
	at org.openqa.selenium.remote.RemoteWebDriver.execute(RemoteWebDriver.java:545)
	at org.openqa.selenium.remote.RemoteWebElement.execute(RemoteWebElement.java:279)
	at org.openqa.selenium.remote.RemoteWebElement.click(RemoteWebElement.java:83)
	at MultiClassesReport.Multiplereports.HomePage.Open_Second_Promoted_Story_from_Image(HomePage.java:87)
	at sun.reflect.NativeMethodAccessorImpl.invoke0(Native Method)
	at sun.reflect.NativeMethodAccessorImpl.invoke(NativeMethodAccessorImpl.java:62)
	at sun.reflect.DelegatingMethodAccessorImpl.invoke(DelegatingMethodAccessorImpl.java:43)
	at java.lang.reflect.Method.invoke(Method.java:498)
	at org.testng.internal.MethodInvocationHelper.invokeMethod(MethodInvocationHelper.java:124)
	at org.testng.internal.Invoker.invokeMethod(Invoker.java:580)
	at org.testng.internal.Invoker.invokeTestMethod(Invoker.java:716)
	at org.testng.internal.Invoker.invokeTestMethods(Invoker.java:988)
	at org.testng.internal.TestMethodWorker.invokeTestMethods(TestMethodWorker.java:125)
	at org.testng.internal.TestMethodWorker.run(TestMethodWorker.java:109)
	at org.testng.TestRunner.privateRun(TestRunner.java:648)
	at org.testng.TestRunner.run(TestRunner.java:505)
	at org.testng.SuiteRunner.runTest(SuiteRunner.java:455)
	at org.testng.SuiteRunner.runSequentially(SuiteRunner.java:450)
	at org.testng.SuiteRunner.privateRun(SuiteRunner.java:415)
	at org.testng.SuiteRunner.run(SuiteRunner.java:364)
	at org.testng.SuiteRunnerWorker.runSuite(SuiteRunnerWorker.java:52)
	at org.testng.SuiteRunnerWorker.run(SuiteRunnerWorker.java:84)
	at org.testng.TestNG.runSuitesSequentially(TestNG.java:1208)
	at org.testng.TestNG.runSuitesLocally(TestNG.java:1137)
	at org.testng.TestNG.runSuites(TestNG.java:1049)
	at org.testng.TestNG.run(TestNG.java:1017)
	at org.testng.remote.AbstractRemoteTestNG.run(AbstractRemoteTestNG.java:114)
	at org.testng.remote.RemoteTestNG.initAndRun(RemoteTestNG.java:251)
	at org.testng.remote.RemoteTestNG.main(RemoteTestNG.java:77)
</pre></div></td>
<td>0</td>
<td>MultiClassesReport.Multiplereports.HomePage@1f021e6c</td></tr>
</table><p>
<table width='100%' border='1' class='invocation-passed'>
<tr><td colspan='4' align='center'><b>PASSED TESTS</b></td></tr>
<tr><td><b>Test method</b></td>
<td width="30%"><b>Exception</b></td>
<td width="10%"><b>Time (seconds)</b></td>
<td><b>Instance</b></td>
</tr>
<tr>
<td title='MultiClassesReport.Multiplereports.OpenCategory.First_Category_Stories_Open()'><b>First_Category_Stories_Open</b><br>Test class: MultiClassesReport.Multiplereports.OpenCategory</td>
<td></td>
<td>52</td>
<td>MultiClassesReport.Multiplereports.OpenCategory@103f852</td></tr>
<tr>
<td title='MultiClassesReport.Multiplereports.HomePage.OpenHomePage()'><b>OpenHomePage</b><br>Test class: MultiClassesReport.Multiplereports.HomePage</td>
<td></td>
<td>7</td>
<td>MultiClassesReport.Multiplereports.HomePage@1f021e6c</td></tr>
<tr>
<td title='MultiClassesReport.Multiplereports.OpenCategory.Open_CategoryOne()'><b>Open_CategoryOne</b><br>Test class: MultiClassesReport.Multiplereports.OpenCategory</td>
<td></td>
<td>2</td>
<td>MultiClassesReport.Multiplereports.OpenCategory@103f852</td></tr>
<tr>
<td title='MultiClassesReport.Multiplereports.OpenCategory.Open_CategoryTwo()'><b>Open_CategoryTwo</b><br>Test class: MultiClassesReport.Multiplereports.OpenCategory</td>
<td></td>
<td>3</td>
<td>MultiClassesReport.Multiplereports.OpenCategory@103f852</td></tr>
<tr>
<td title='MultiClassesReport.Multiplereports.HomePage.Open_First_Promoted_Story_from_image()'><b>Open_First_Promoted_Story_from_image</b><br>Test class: MultiClassesReport.Multiplereports.HomePage</td>
<td></td>
<td>16</td>
<td>MultiClassesReport.Multiplereports.HomePage@1f021e6c</td></tr>
<tr>
<td title='MultiClassesReport.Multiplereports.HomePage.Open_First_Promoted_Story_from_title()'><b>Open_First_Promoted_Story_from_title</b><br>Test class: MultiClassesReport.Multiplereports.HomePage</td>
<td></td>
<td>15</td>
<td>MultiClassesReport.Multiplereports.HomePage@1f021e6c</td></tr>
<tr>
<td title='MultiClassesReport.Multiplereports.HomePage.Open_Latest_Section_First_Story_from_Title()'><b>Open_Latest_Section_First_Story_from_Title</b><br>Test class: MultiClassesReport.Multiplereports.HomePage</td>
<td></td>
<td>9</td>
<td>MultiClassesReport.Multiplereports.HomePage@1f021e6c</td></tr>
<tr>
<td title='MultiClassesReport.Multiplereports.HomePage.Open_Latest_Section_Second_Story_from_Image()'><b>Open_Latest_Section_Second_Story_from_Image</b><br>Test class: MultiClassesReport.Multiplereports.HomePage</td>
<td></td>
<td>14</td>
<td>MultiClassesReport.Multiplereports.HomePage@1f021e6c</td></tr>
<tr>
<td title='MultiClassesReport.Multiplereports.HomePage.Open_Latest_Section_Second_Story_from_Title()'><b>Open_Latest_Section_Second_Story_from_Title</b><br>Test class: MultiClassesReport.Multiplereports.HomePage</td>
<td></td>
<td>10</td>
<td>MultiClassesReport.Multiplereports.HomePage@1f021e6c</td></tr>
<tr>
<td title='MultiClassesReport.Multiplereports.HomePage.Open_Latest_Section_Third_Story_from_Image()'><b>Open_Latest_Section_Third_Story_from_Image</b><br>Test class: MultiClassesReport.Multiplereports.HomePage</td>
<td></td>
<td>6</td>
<td>MultiClassesReport.Multiplereports.HomePage@1f021e6c</td></tr>
<tr>
<td title='MultiClassesReport.Multiplereports.HomePage.Open_Latest_Section_Third_Story_from_Title()'><b>Open_Latest_Section_Third_Story_from_Title</b><br>Test class: MultiClassesReport.Multiplereports.HomePage</td>
<td></td>
<td>6</td>
<td>MultiClassesReport.Multiplereports.HomePage@1f021e6c</td></tr>
<tr>
<td title='MultiClassesReport.Multiplereports.HomePage.Open_Second_Promoted_Story_from_title()'><b>Open_Second_Promoted_Story_from_title</b><br>Test class: MultiClassesReport.Multiplereports.HomePage</td>
<td></td>
<td>12</td>
<td>MultiClassesReport.Multiplereports.HomePage@1f021e6c</td></tr>
<tr>
<td title='MultiClassesReport.Multiplereports.HomePage.Open_Third_Promoted_Story_from_Image()'><b>Open_Third_Promoted_Story_from_Image</b><br>Test class: MultiClassesReport.Multiplereports.HomePage</td>
<td></td>
<td>17</td>
<td>MultiClassesReport.Multiplereports.HomePage@1f021e6c</td></tr>
<tr>
<td title='MultiClassesReport.Multiplereports.HomePage.Open_Third_Promoted_Story_from_title()'><b>Open_Third_Promoted_Story_from_title</b><br>Test class: MultiClassesReport.Multiplereports.HomePage</td>
<td></td>
<td>11</td>
<td>MultiClassesReport.Multiplereports.HomePage@1f021e6c</td></tr>
<tr>
<td title='MultiClassesReport.Multiplereports.OpenCategory.Open_category_drawer()'><b>Open_category_drawer</b><br>Test class: MultiClassesReport.Multiplereports.OpenCategory</td>
<td></td>
<td>0</td>
<td>MultiClassesReport.Multiplereports.OpenCategory@103f852</td></tr>
<tr>
<td title='MultiClassesReport.Multiplereports.OpenCategory.Second_Category_Stories_Open()'><b>Second_Category_Stories_Open</b><br>Test class: MultiClassesReport.Multiplereports.OpenCategory</td>
<td></td>
<td>56</td>
<td>MultiClassesReport.Multiplereports.OpenCategory@103f852</td></tr>
</table><p>
</body>
</html>