<?xml version="1.0" encoding="UTF-8"?>
<!-- Generated by org.testng.reporters.JUnitXMLReporter -->
<testsuite hostname="DESKTOP-KODMJHE" ignored="2" name="Test" tests="18" failures="2" timestamp="11 Nov 2018 14:02:01 GMT" time="246.565" errors="0">
  <testcase name="OpenHomePage" time="7.706" classname="MultiClassesReport.Multiplereports.HomePage"/>
  <testcase name="Open_First_Promoted_Story_from_image" time="16.619" classname="MultiClassesReport.Multiplereports.HomePage"/>
  <testcase name="Open_First_Promoted_Story_from_title" time="15.997" classname="MultiClassesReport.Multiplereports.HomePage"/>
  <testcase name="Open_Second_Promoted_Story_from_Image" time="0.19" classname="MultiClassesReport.Multiplereports.HomePage">
    <failure type="org.openqa.selenium.WebDriverException" message="unknown error: Element &amp;lt;a _ngcontent-c1=&amp;quot;&amp;quot; href=&amp;quot;//www.wittyfeed.tv/jaw-dropping-bollywood-gossips-71339?utm_source=homepage_promo&amp;quot;&amp;gt;...&amp;lt;/a&amp;gt; is not clickable at point (1061, 151). Other element would receive the click: &amp;lt;div id=&amp;quot;onesignal-popover-container&amp;quot; class=&amp;quot;onesignal-popover-container onesignal-reset slide-down&amp;quot;&amp;gt;...&amp;lt;/div&amp;gt;
  (Session info: chrome=70.0.3538.102)
  (Driver info: chromedriver=2.43.600210 (68dcf5eebde37173d4027fa8635e332711d2874a),platform=Windows NT 10.0.17134 x86_64) (WARNING: The server did not provide any stacktrace information)
Command duration or timeout: 0 milliseconds
Build info: version: &amp;apos;3.11.0&amp;apos;, revision: &amp;apos;e59cfb3&amp;apos;, time: &amp;apos;2018-03-11T20:33:15.31Z&amp;apos;
System info: host: &amp;apos;DESKTOP-KODMJHE&amp;apos;, ip: &amp;apos;192.168.0.44&amp;apos;, os.name: &amp;apos;Windows 10&amp;apos;, os.arch: &amp;apos;amd64&amp;apos;, os.version: &amp;apos;10.0&amp;apos;, java.version: &amp;apos;1.8.0_144&amp;apos;
Driver info: org.openqa.selenium.chrome.ChromeDriver
Capabilities {acceptInsecureCerts: false, acceptSslCerts: false, applicationCacheEnabled: false, browserConnectionEnabled: false, browserName: chrome, chrome: {chromedriverVersion: 2.43.600210 (68dcf5eebde371..., userDataDir: C:\Users\Vtsana\AppData\Loc...}, cssSelectorsEnabled: true, databaseEnabled: false, goog:chromeOptions: {debuggerAddress: localhost:51122}, handlesAlerts: true, hasTouchScreen: false, javascriptEnabled: true, locationContextEnabled: true, mobileEmulationEnabled: false, nativeEvents: true, networkConnectionEnabled: false, pageLoadStrategy: normal, platform: XP, platformName: XP, rotatable: false, setWindowRect: true, takesHeapSnapshot: true, takesScreenshot: true, unexpectedAlertBehaviour: , unhandledPromptBehavior: , version: 70.0.3538.102, webStorageEnabled: true}
Session ID: b973816b82a499b580504ee31cafdbb9">
      <![CDATA[org.openqa.selenium.WebDriverException: unknown error: Element <a _ngcontent-c1="" href="//www.wittyfeed.tv/jaw-dropping-bollywood-gossips-71339?utm_source=homepage_promo">...</a> is not clickable at point (1061, 151). Other element would receive the click: <div id="onesignal-popover-container" class="onesignal-popover-container onesignal-reset slide-down">...</div>
  (Session info: chrome=70.0.3538.102)
  (Driver info: chromedriver=2.43.600210 (68dcf5eebde37173d4027fa8635e332711d2874a),platform=Windows NT 10.0.17134 x86_64) (WARNING: The server did not provide any stacktrace information)
Command duration or timeout: 0 milliseconds
Build info: version: '3.11.0', revision: 'e59cfb3', time: '2018-03-11T20:33:15.31Z'
System info: host: 'DESKTOP-KODMJHE', ip: '192.168.0.44', os.name: 'Windows 10', os.arch: 'amd64', os.version: '10.0', java.version: '1.8.0_144'
Driver info: org.openqa.selenium.chrome.ChromeDriver
Capabilities {acceptInsecureCerts: false, acceptSslCerts: false, applicationCacheEnabled: false, browserConnectionEnabled: false, browserName: chrome, chrome: {chromedriverVersion: 2.43.600210 (68dcf5eebde371..., userDataDir: C:\Users\Vtsana\AppData\Loc...}, cssSelectorsEnabled: true, databaseEnabled: false, goog:chromeOptions: {debuggerAddress: localhost:51122}, handlesAlerts: true, hasTouchScreen: false, javascriptEnabled: true, locationContextEnabled: true, mobileEmulationEnabled: false, nativeEvents: true, networkConnectionEnabled: false, pageLoadStrategy: normal, platform: XP, platformName: XP, rotatable: false, setWindowRect: true, takesHeapSnapshot: true, takesScreenshot: true, unexpectedAlertBehaviour: , unhandledPromptBehavior: , version: 70.0.3538.102, webStorageEnabled: true}
Session ID: b973816b82a499b580504ee31cafdbb9
at org.openqa.selenium.remote.ErrorHandler.createThrowable(ErrorHandler.java:214)
at org.openqa.selenium.remote.ErrorHandler.throwIfResponseFailed(ErrorHandler.java:166)
at org.openqa.selenium.remote.http.JsonHttpResponseCodec.reconstructValue(JsonHttpResponseCodec.java:40)
at org.openqa.selenium.remote.http.AbstractHttpResponseCodec.decode(AbstractHttpResponseCodec.java:80)
at org.openqa.selenium.remote.http.AbstractHttpResponseCodec.decode(AbstractHttpResponseCodec.java:44)
at org.openqa.selenium.remote.HttpCommandExecutor.execute(HttpCommandExecutor.java:158)
at org.openqa.selenium.remote.service.DriverCommandExecutor.execute(DriverCommandExecutor.java:83)
at org.openqa.selenium.remote.RemoteWebDriver.execute(RemoteWebDriver.java:545)
at org.openqa.selenium.remote.RemoteWebElement.execute(RemoteWebElement.java:279)
at org.openqa.selenium.remote.RemoteWebElement.click(RemoteWebElement.java:83)
at MultiClassesReport.Multiplereports.HomePage.Open_Second_Promoted_Story_from_Image(HomePage.java:87)
... Removed 29 stack frames]]>
    </failure>
  </testcase> <!-- Open_Second_Promoted_Story_from_Image -->
  <testcase name="Open_Second_Promoted_Story_from_title" time="12.73" classname="MultiClassesReport.Multiplereports.HomePage"/>
  <testcase name="Open_Third_Promoted_Story_from_Image" time="17.127" classname="MultiClassesReport.Multiplereports.HomePage"/>
  <testcase name="Open_Third_Promoted_Story_from_title" time="11.295" classname="MultiClassesReport.Multiplereports.HomePage"/>
  <testcase name="Open_Latest_Section_First_Story_from_Image" time="0.307" classname="MultiClassesReport.Multiplereports.HomePage">
    <failure type="org.openqa.selenium.WebDriverException" message="unknown error: Element &amp;lt;a _ngcontent-c1=&amp;quot;&amp;quot; href=&amp;quot;//www.wittyfeed.tv/people-deepika-padukone-ranveer-singh-dated-before-marriage-70790?utm_source=homepage_latest&amp;quot;&amp;gt;...&amp;lt;/a&amp;gt; is not clickable at point (335, 189). Other element would receive the click: &amp;lt;div id=&amp;quot;onesignal-popover-container&amp;quot; class=&amp;quot;onesignal-popover-container onesignal-reset slide-down&amp;quot;&amp;gt;...&amp;lt;/div&amp;gt;
  (Session info: chrome=70.0.3538.102)
  (Driver info: chromedriver=2.43.600210 (68dcf5eebde37173d4027fa8635e332711d2874a),platform=Windows NT 10.0.17134 x86_64) (WARNING: The server did not provide any stacktrace information)
Command duration or timeout: 0 milliseconds
Build info: version: &amp;apos;3.11.0&amp;apos;, revision: &amp;apos;e59cfb3&amp;apos;, time: &amp;apos;2018-03-11T20:33:15.31Z&amp;apos;
System info: host: &amp;apos;DESKTOP-KODMJHE&amp;apos;, ip: &amp;apos;192.168.0.44&amp;apos;, os.name: &amp;apos;Windows 10&amp;apos;, os.arch: &amp;apos;amd64&amp;apos;, os.version: &amp;apos;10.0&amp;apos;, java.version: &amp;apos;1.8.0_144&amp;apos;
Driver info: org.openqa.selenium.chrome.ChromeDriver
Capabilities {acceptInsecureCerts: false, acceptSslCerts: false, applicationCacheEnabled: false, browserConnectionEnabled: false, browserName: chrome, chrome: {chromedriverVersion: 2.43.600210 (68dcf5eebde371..., userDataDir: C:\Users\Vtsana\AppData\Loc...}, cssSelectorsEnabled: true, databaseEnabled: false, goog:chromeOptions: {debuggerAddress: localhost:51122}, handlesAlerts: true, hasTouchScreen: false, javascriptEnabled: true, locationContextEnabled: true, mobileEmulationEnabled: false, nativeEvents: true, networkConnectionEnabled: false, pageLoadStrategy: normal, platform: XP, platformName: XP, rotatable: false, setWindowRect: true, takesHeapSnapshot: true, takesScreenshot: true, unexpectedAlertBehaviour: , unhandledPromptBehavior: , version: 70.0.3538.102, webStorageEnabled: true}
Session ID: b973816b82a499b580504ee31cafdbb9">
      <![CDATA[org.openqa.selenium.WebDriverException: unknown error: Element <a _ngcontent-c1="" href="//www.wittyfeed.tv/people-deepika-padukone-ranveer-singh-dated-before-marriage-70790?utm_source=homepage_latest">...</a> is not clickable at point (335, 189). Other element would receive the click: <div id="onesignal-popover-container" class="onesignal-popover-container onesignal-reset slide-down">...</div>
  (Session info: chrome=70.0.3538.102)
  (Driver info: chromedriver=2.43.600210 (68dcf5eebde37173d4027fa8635e332711d2874a),platform=Windows NT 10.0.17134 x86_64) (WARNING: The server did not provide any stacktrace information)
Command duration or timeout: 0 milliseconds
Build info: version: '3.11.0', revision: 'e59cfb3', time: '2018-03-11T20:33:15.31Z'
System info: host: 'DESKTOP-KODMJHE', ip: '192.168.0.44', os.name: 'Windows 10', os.arch: 'amd64', os.version: '10.0', java.version: '1.8.0_144'
Driver info: org.openqa.selenium.chrome.ChromeDriver
Capabilities {acceptInsecureCerts: false, acceptSslCerts: false, applicationCacheEnabled: false, browserConnectionEnabled: false, browserName: chrome, chrome: {chromedriverVersion: 2.43.600210 (68dcf5eebde371..., userDataDir: C:\Users\Vtsana\AppData\Loc...}, cssSelectorsEnabled: true, databaseEnabled: false, goog:chromeOptions: {debuggerAddress: localhost:51122}, handlesAlerts: true, hasTouchScreen: false, javascriptEnabled: true, locationContextEnabled: true, mobileEmulationEnabled: false, nativeEvents: true, networkConnectionEnabled: false, pageLoadStrategy: normal, platform: XP, platformName: XP, rotatable: false, setWindowRect: true, takesHeapSnapshot: true, takesScreenshot: true, unexpectedAlertBehaviour: , unhandledPromptBehavior: , version: 70.0.3538.102, webStorageEnabled: true}
Session ID: b973816b82a499b580504ee31cafdbb9
at org.openqa.selenium.remote.ErrorHandler.createThrowable(ErrorHandler.java:214)
at org.openqa.selenium.remote.ErrorHandler.throwIfResponseFailed(ErrorHandler.java:166)
at org.openqa.selenium.remote.http.JsonHttpResponseCodec.reconstructValue(JsonHttpResponseCodec.java:40)
at org.openqa.selenium.remote.http.AbstractHttpResponseCodec.decode(AbstractHttpResponseCodec.java:80)
at org.openqa.selenium.remote.http.AbstractHttpResponseCodec.decode(AbstractHttpResponseCodec.java:44)
at org.openqa.selenium.remote.HttpCommandExecutor.execute(HttpCommandExecutor.java:158)
at org.openqa.selenium.remote.service.DriverCommandExecutor.execute(DriverCommandExecutor.java:83)
at org.openqa.selenium.remote.RemoteWebDriver.execute(RemoteWebDriver.java:545)
at org.openqa.selenium.remote.RemoteWebElement.execute(RemoteWebElement.java:279)
at org.openqa.selenium.remote.RemoteWebElement.click(RemoteWebElement.java:83)
at MultiClassesReport.Multiplereports.HomePage.Open_Latest_Section_First_Story_from_Image(HomePage.java:167)
... Removed 29 stack frames]]>
    </failure>
  </testcase> <!-- Open_Latest_Section_First_Story_from_Image -->
  <testcase name="Open_Latest_Section_First_Story_from_Title" time="9.581" classname="MultiClassesReport.Multiplereports.HomePage"/>
  <testcase name="Open_Latest_Section_Second_Story_from_Image" time="14.564" classname="MultiClassesReport.Multiplereports.HomePage"/>
  <testcase name="Open_Latest_Section_Second_Story_from_Title" time="10.943" classname="MultiClassesReport.Multiplereports.HomePage"/>
  <testcase name="Open_Latest_Section_Third_Story_from_Image" time="6.783" classname="MultiClassesReport.Multiplereports.HomePage"/>
  <testcase name="Open_Latest_Section_Third_Story_from_Title" time="6.971" classname="MultiClassesReport.Multiplereports.HomePage"/>
  <testcase name="Open_category_drawer" time="0.148" classname="MultiClassesReport.Multiplereports.OpenCategory"/>
  <testcase name="Open_CategoryOne" time="2.975" classname="MultiClassesReport.Multiplereports.OpenCategory"/>
  <testcase name="First_Category_Stories_Open" time="52.397" classname="MultiClassesReport.Multiplereports.OpenCategory"/>
  <testcase name="Open_CategoryTwo" time="3.386" classname="MultiClassesReport.Multiplereports.OpenCategory"/>
  <testcase name="Second_Category_Stories_Open" time="56.708" classname="MultiClassesReport.Multiplereports.OpenCategory"/>
  <testcase name="@BeforeSuite Setup" time="0.0" classname="MultiClassesReport.Multiplereports.ReportGenerate">
    <ignored/>
  </testcase> <!-- @BeforeSuite Setup -->
  <testcase name="@AfterSuite tearDown" time="0.0" classname="MultiClassesReport.Multiplereports.ReportGenerate">
    <ignored/>
  </testcase> <!-- @AfterSuite tearDown -->
</testsuite> <!-- Test -->
